{
  "Cucumber Features": {
    "coverage": {
      "/home/ubuntu/workspace/term-project/app/controllers/application_controller.rb": [
        1,
        1,
        null
      ],
      "/home/ubuntu/workspace/term-project/app/helpers/application_helper.rb": [
        1,
        null
      ],
      "/home/ubuntu/workspace/term-project/app/helpers/course_helper.rb": [
        1,
        null
      ],
      "/home/ubuntu/workspace/term-project/app/helpers/teacher_helper.rb": [
        1,
        null
      ],
      "/home/ubuntu/workspace/term-project/app/helpers/timetable_helper.rb": [
        1,
        null
      ],
      "/home/ubuntu/workspace/term-project/app/helpers/user_helper.rb": [
        1,
        null
      ],
      "/home/ubuntu/workspace/term-project/app/controllers/course_controller.rb": [
        1,
        1,
        9,
        null,
        1,
        8,
        null,
        1,
        4,
        4,
        3,
        null,
        1,
        1,
        1,
        1,
        1,
        1,
        null,
        4,
        null,
        1,
        1,
        1,
        1,
        1,
        null,
        1,
        5,
        5,
        5,
        null,
        1,
        2,
        1,
        1,
        null,
        1,
        1,
        1,
        1,
        1,
        1,
        1,
        1,
        1,
        1,
        null,
        1,
        1,
        1,
        1,
        1,
        1,
        1,
        1,
        1,
        null,
        2,
        null,
        1,
        2,
        2,
        2,
        null,
        1,
        8,
        4,
        4,
        4,
        4,
        null,
        4,
        4,
        4,
        null,
        null,
        1,
        null,
        null,
        null
      ],
      "/home/ubuntu/workspace/term-project/app/models/course.rb": [
        1,
        1,
        null
      ],
      "/home/ubuntu/workspace/term-project/app/controllers/teacher_controller.rb": [
        1,
        1,
        0,
        null,
        1,
        4,
        3,
        null,
        1,
        1,
        null,
        4,
        null,
        1,
        4,
        null,
        1,
        2,
        null,
        1,
        1,
        1,
        1,
        1,
        null,
        null
      ],
      "/home/ubuntu/workspace/term-project/app/controllers/timetable_controller.rb": [
        1,
        1,
        0,
        0,
        0,
        0,
        null,
        1,
        1,
        1,
        0,
        0,
        null,
        1,
        1,
        null,
        null,
        null,
        1,
        0,
        0,
        0,
        null,
        0,
        0,
        null,
        0,
        null,
        null
      ],
      "/home/ubuntu/workspace/term-project/app/controllers/user_controller.rb": [
        1,
        1,
        10,
        null,
        1,
        null,
        1,
        4,
        4,
        2,
        null,
        2,
        2,
        null,
        4,
        null,
        1,
        2,
        2,
        2,
        2,
        null,
        1,
        0,
        0,
        null,
        null
      ],
      "/home/ubuntu/workspace/term-project/app/models/user.rb": [
        1,
        1,
        null
      ],
      "/home/ubuntu/workspace/term-project/app/models/instructor.rb": [
        1,
        1,
        null
      ],
      "/home/ubuntu/workspace/term-project/app/models/schedule.rb": [
        1,
        1,
        null
      ],
      "/home/ubuntu/workspace/term-project/app/models/study.rb": [
        1,
        1,
        null
      ]
    },
    "timestamp": 1430768808
  },
  "RSpec": {
    "coverage": {
      "/home/ubuntu/workspace/term-project/app/controllers/application_controller.rb": [
        1,
        1,
        null
      ],
      "/home/ubuntu/workspace/term-project/app/helpers/application_helper.rb": [
        1,
        null
      ],
      "/home/ubuntu/workspace/term-project/app/helpers/course_helper.rb": [
        1,
        null
      ],
      "/home/ubuntu/workspace/term-project/app/helpers/teacher_helper.rb": [
        1,
        null
      ],
      "/home/ubuntu/workspace/term-project/app/helpers/timetable_helper.rb": [
        1,
        null
      ],
      "/home/ubuntu/workspace/term-project/app/helpers/user_helper.rb": [
        1,
        null
      ],
      "/home/ubuntu/workspace/term-project/app/controllers/course_controller.rb": [
        1,
        1,
        1,
        1,
        1,
        0,
        0,
        0,
        null,
        null,
        null,
        1,
        0,
        null,
        1,
        5,
        5,
        3,
        null,
        2,
        2,
        0,
        0,
        0,
        0,
        null,
        3,
        null,
        1,
        2,
        2,
        2,
        2,
        null,
        1,
        1,
        1,
        1,
        null,
        1,
        5,
        2,
        2,
        null,
        3,
        3,
        3,
        3,
        3,
        3,
        3,
        3,
        3,
        3,
        null,
        3,
        3,
        0,
        0,
        0,
        0,
        0,
        0,
        0,
        null,
        2,
        null,
        1,
        0,
        0,
        0,
        null,
        1,
        1,
        0,
        0,
        0,
        0,
        0,
        0,
        0,
        0,
        null,
        null,
        null,
        1,
        1,
        1,
        1,
        1,
        0,
        0,
        0,
        null,
        null,
        null,
        null,
        1,
        null,
        null,
        null
      ],
      "/home/ubuntu/workspace/term-project/app/models/course.rb": [
        1,
        1,
        null
      ],
      "/home/ubuntu/workspace/term-project/app/controllers/teacher_controller.rb": [
        1,
        1,
        0,
        null,
        1,
        5,
        2,
        null,
        3,
        3,
        null,
        5,
        null,
        1,
        0,
        null,
        1,
        1,
        null,
        1,
        2,
        2,
        2,
        2,
        null,
        null
      ],
      "/home/ubuntu/workspace/term-project/app/controllers/timetable_controller.rb": [
        1,
        1,
        1,
        1,
        null,
        1,
        1,
        1,
        1,
        null,
        1,
        0,
        0,
        0,
        0,
        null,
        0,
        0,
        null,
        null,
        null,
        1,
        0,
        0,
        0,
        null,
        0,
        0,
        null,
        0,
        null,
        null
      ],
      "/home/ubuntu/workspace/term-project/app/controllers/user_controller.rb": [
        1,
        1,
        1,
        null,
        1,
        null,
        1,
        0,
        0,
        0,
        null,
        0,
        0,
        null,
        0,
        null,
        1,
        0,
        0,
        0,
        0,
        null,
        1,
        0,
        0,
        null,
        0,
        0,
        null,
        0,
        0,
        0,
        0,
        0,
        null,
        0,
        0,
        null,
        0,
        null,
        null,
        null,
        null,
        1,
        0,
        0,
        null,
        null
      ],
      "/home/ubuntu/workspace/term-project/app/models/user.rb": [
        1,
        1,
        null
      ],
      "/home/ubuntu/workspace/term-project/app/models/instructor.rb": [
        1,
        1,
        null
      ],
      "/home/ubuntu/workspace/term-project/app/models/schedule.rb": [
        1,
        1,
        null
      ],
      "/home/ubuntu/workspace/term-project/app/models/study.rb": [
        1,
        1,
        null
      ]
    },
    "timestamp": 1430796548
  }
}
