{
  "Cucumber Features": {
    "coverage": {
      "/home/ubuntu/workspace/term-project/app/controllers/application_controller.rb": [
        1,
        1,
        null
      ],
      "/home/ubuntu/workspace/term-project/app/helpers/application_helper.rb": [
        1,
        null
      ],
      "/home/ubuntu/workspace/term-project/app/helpers/course_helper.rb": [
        1,
        null
      ],
      "/home/ubuntu/workspace/term-project/app/helpers/teacher_helper.rb": [
        1,
        null
      ],
      "/home/ubuntu/workspace/term-project/app/helpers/timetable_helper.rb": [
        1,
        null
      ],
      "/home/ubuntu/workspace/term-project/app/helpers/user_helper.rb": [
        1,
        null
      ],
      "/home/ubuntu/workspace/term-project/app/controllers/course_controller.rb": [
        1,
        1,
        11,
        11,
        null,
        1,
        8,
        0,
        null,
        8,
        null,
        1,
        4,
        4,
        3,
        null,
        1,
        1,
        1,
        1,
        1,
        1,
        null,
        4,
        null,
        1,
        1,
        1,
        1,
        1,
        null,
        1,
        5,
        5,
        5,
        null,
        1,
        2,
        1,
        1,
        null,
        1,
        1,
        1,
        1,
        1,
        1,
        1,
        1,
        1,
        1,
        null,
        1,
        1,
        1,
        1,
        1,
        1,
        1,
        1,
        1,
        null,
        2,
        null,
        1,
        2,
        2,
        2,
        null,
        1,
        8,
        4,
        4,
        4,
        4,
        4,
        0,
        0,
        0,
        null,
        null,
        null,
        4,
        4,
        4,
        4,
        4,
        0,
        0,
        0,
        null,
        null,
        null,
        null,
        1,
        null,
        null,
        null
      ],
      "/home/ubuntu/workspace/term-project/app/models/course.rb": [
        1,
        1,
        null
      ],
      "/home/ubuntu/workspace/term-project/app/controllers/teacher_controller.rb": [
        1,
        1,
        0,
        0,
        null,
        0,
        null,
        1,
        4,
        null,
        3,
        null,
        1,
        1,
        null,
        4,
        null,
        1,
        4,
        0,
        null,
        4,
        null,
        1,
        2,
        0,
        null,
        2,
        null,
        1,
        1,
        1,
        1,
        1,
        null,
        null
      ],
      "/home/ubuntu/workspace/term-project/app/controllers/timetable_controller.rb": [
        1,
        1,
        30,
        0,
        null,
        30,
        30,
        30,
        30,
        null,
        1,
        2,
        2,
        0,
        0,
        null,
        2,
        2,
        null,
        null,
        null,
        2,
        null,
        null,
        null,
        2,
        null,
        null,
        null,
        2,
        null,
        null,
        null,
        2,
        null,
        null,
        null,
        2,
        null,
        null,
        null,
        null,
        1,
        2,
        2,
        1,
        null,
        1,
        1,
        1,
        null,
        2,
        null,
        null
      ],
      "/home/ubuntu/workspace/term-project/app/controllers/user_controller.rb": [
        1,
        1,
        6,
        0,
        null,
        6,
        null,
        1,
        null,
        1,
        4,
        2,
        2,
        null,
        2,
        2,
        0,
        0,
        null,
        2,
        2,
        2,
        null,
        null,
        null,
        1,
        2,
        2,
        2,
        2,
        0,
        null,
        2,
        null,
        1,
        48,
        0,
        null,
        48,
        0,
        null,
        48,
        48,
        24,
        24,
        24,
        24,
        null,
        24,
        0,
        null,
        24,
        null,
        null,
        null,
        null,
        1,
        0,
        0,
        null,
        null
      ],
      "/home/ubuntu/workspace/term-project/app/models/user.rb": [
        1,
        1,
        null
      ],
      "/home/ubuntu/workspace/term-project/app/models/instructor.rb": [
        1,
        1,
        null
      ],
      "/home/ubuntu/workspace/term-project/app/models/schedule.rb": [
        1,
        1,
        null
      ],
      "/home/ubuntu/workspace/term-project/app/models/study.rb": [
        1,
        1,
        null
      ]
    },
    "timestamp": 1432547216
  },
  "RSpec": {
    "coverage": {
      "/home/ubuntu/workspace/term-project/app/controllers/application_controller.rb": [
        1,
        1,
        null
      ],
      "/home/ubuntu/workspace/term-project/app/helpers/application_helper.rb": [
        1,
        null
      ],
      "/home/ubuntu/workspace/term-project/app/helpers/course_helper.rb": [
        1,
        null
      ],
      "/home/ubuntu/workspace/term-project/app/helpers/teacher_helper.rb": [
        1,
        null
      ],
      "/home/ubuntu/workspace/term-project/app/helpers/timetable_helper.rb": [
        1,
        null
      ],
      "/home/ubuntu/workspace/term-project/app/helpers/user_helper.rb": [
        1,
        null
      ],
      "/home/ubuntu/workspace/term-project/app/controllers/course_controller.rb": [
        1,
        1,
        1,
        1,
        null,
        1,
        0,
        0,
        null,
        0,
        null,
        1,
        6,
        6,
        3,
        null,
        3,
        3,
        3,
        3,
        3,
        3,
        null,
        6,
        null,
        1,
        2,
        2,
        2,
        2,
        null,
        1,
        1,
        1,
        1,
        null,
        1,
        5,
        2,
        2,
        null,
        3,
        3,
        3,
        3,
        3,
        3,
        3,
        3,
        3,
        3,
        null,
        3,
        3,
        3,
        3,
        3,
        3,
        3,
        3,
        3,
        null,
        5,
        null,
        1,
        1,
        1,
        1,
        null,
        1,
        3,
        3,
        3,
        3,
        3,
        3,
        0,
        0,
        0,
        null,
        null,
        null,
        0,
        0,
        0,
        0,
        0,
        0,
        0,
        0,
        null,
        null,
        null,
        null,
        1,
        null,
        null,
        null
      ],
      "/home/ubuntu/workspace/term-project/app/models/course.rb": [
        1,
        1,
        null
      ],
      "/home/ubuntu/workspace/term-project/app/controllers/teacher_controller.rb": [
        1,
        1,
        2,
        1,
        null,
        2,
        null,
        1,
        9,
        null,
        3,
        null,
        6,
        6,
        null,
        9,
        null,
        1,
        1,
        1,
        null,
        1,
        null,
        1,
        2,
        1,
        null,
        2,
        null,
        1,
        2,
        2,
        2,
        2,
        null,
        null
      ],
      "/home/ubuntu/workspace/term-project/app/controllers/timetable_controller.rb": [
        1,
        1,
        2,
        1,
        null,
        2,
        2,
        2,
        2,
        null,
        1,
        1,
        1,
        0,
        0,
        null,
        1,
        1,
        null,
        null,
        null,
        1,
        null,
        null,
        null,
        1,
        null,
        null,
        null,
        1,
        null,
        null,
        null,
        1,
        null,
        null,
        null,
        1,
        null,
        null,
        null,
        null,
        1,
        2,
        2,
        1,
        null,
        1,
        1,
        1,
        null,
        2,
        null,
        null
      ],
      "/home/ubuntu/workspace/term-project/app/controllers/user_controller.rb": [
        1,
        1,
        2,
        1,
        null,
        2,
        null,
        1,
        null,
        1,
        8,
        1,
        1,
        null,
        7,
        7,
        1,
        1,
        null,
        6,
        6,
        6,
        null,
        null,
        null,
        1,
        0,
        0,
        0,
        0,
        0,
        null,
        0,
        null,
        1,
        2,
        0,
        null,
        2,
        0,
        null,
        2,
        2,
        2,
        2,
        2,
        2,
        null,
        0,
        0,
        null,
        0,
        null,
        null,
        null,
        null,
        1,
        1,
        1,
        null,
        null
      ],
      "/home/ubuntu/workspace/term-project/app/models/user.rb": [
        1,
        1,
        null
      ],
      "/home/ubuntu/workspace/term-project/app/models/instructor.rb": [
        1,
        1,
        null
      ],
      "/home/ubuntu/workspace/term-project/app/models/schedule.rb": [
        1,
        1,
        null
      ],
      "/home/ubuntu/workspace/term-project/app/models/study.rb": [
        1,
        1,
        null
      ]
    },
    "timestamp": 1432547264
  }
}
